<?xml version="1.0" encoding="UTF-8"?>
<!-- Generated by org.testng.reporters.JUnitXMLReporter -->
<testsuite ignored="1" hostname="DESKTOP-G8O6OG0" failures="0" tests="3" name="MyTest" time="12.145" errors="0" timestamp="2024-10-18T19:10:14 IST">
  <testcase classname="com.TestNGDemos.D05FlipkartAssignment" name="tv" time="2.519"/>
  <testcase classname="com.TestNGDemos.D05FlipkartAssignment" name="fashion" time="0.114"/>
  <testcase classname="com.TestNGDemos.D05FlipkartAssignment" name="beauty" time="0.224"/>
  <testcase classname="com.TestNGDemos.D05FlipkartAssignment" name="mobiles" time="0.0">
    <ignored/>
  </testcase> <!-- mobiles -->
</testsuite> <!-- MyTest -->
