<?xml version="1.0" encoding="UTF-8"?>
<testng-results ignored="0" total="7" passed="7" failed="0" skipped="0">
  <reporter-output>
  </reporter-output>
  <suite started-at="2024-10-26T20:46:34 IST" name="Default suite" finished-at="2024-10-26T20:46:55 IST" duration-ms="20601">
    <groups>
    </groups>
    <test started-at="2024-10-26T20:46:34 IST" name="Default test" finished-at="2024-10-26T20:46:55 IST" duration-ms="20601">
      <class name="com.TestNGDemos.D13LoginToOHRM_DDF">
        <test-method is-config="true" signature="beforeTest()[pri:0, instance:com.TestNGDemos.D13LoginToOHRM_DDF@475c9c31]" started-at="2024-10-26T20:46:34 IST" name="beforeTest" finished-at="2024-10-26T20:46:40 IST" duration-ms="5586" status="PASS">
          <reporter-output>
          </reporter-output>
        </test-method> <!-- beforeTest -->
        <test-method signature="loginToOHRM(java.lang.String,java.lang.String)[pri:0, instance:com.TestNGDemos.D13LoginToOHRM_DDF@475c9c31]" started-at="2024-10-26T20:46:40 IST" name="loginToOHRM" data-provider="getLoginData" finished-at="2024-10-26T20:46:42 IST" duration-ms="1880" status="PASS">
          <params>
            <param index="0">
              <value>
                <![CDATA[admin]]>
              </value>
            </param>
            <param index="1">
              <value>
                <![CDATA[admin123]]>
              </value>
            </param>
          </params>
          <reporter-output>
          </reporter-output>
        </test-method> <!-- loginToOHRM -->
        <test-method is-config="true" signature="logout()[pri:0, instance:com.TestNGDemos.D13LoginToOHRM_DDF@475c9c31]" started-at="2024-10-26T20:46:42 IST" name="logout" finished-at="2024-10-26T20:46:44 IST" duration-ms="1629" status="PASS">
          <reporter-output>
          </reporter-output>
        </test-method> <!-- logout -->
        <test-method signature="loginToOHRM(java.lang.String,java.lang.String)[pri:0, instance:com.TestNGDemos.D13LoginToOHRM_DDF@475c9c31]" started-at="2024-10-26T20:46:44 IST" name="loginToOHRM" data-provider="getLoginData" finished-at="2024-10-26T20:46:45 IST" duration-ms="1425" status="PASS">
          <params>
            <param index="0">
              <value>
                <![CDATA[Priyanka]]>
              </value>
            </param>
            <param index="1">
              <value>
                <![CDATA[priyanka123]]>
              </value>
            </param>
          </params>
          <reporter-output>
          </reporter-output>
        </test-method> <!-- loginToOHRM -->
        <test-method is-config="true" signature="logout()[pri:0, instance:com.TestNGDemos.D13LoginToOHRM_DDF@475c9c31]" started-at="2024-10-26T20:46:45 IST" name="logout" finished-at="2024-10-26T20:46:45 IST" duration-ms="14" status="PASS">
          <reporter-output>
          </reporter-output>
        </test-method> <!-- logout -->
        <test-method signature="loginToOHRM(java.lang.String,java.lang.String)[pri:0, instance:com.TestNGDemos.D13LoginToOHRM_DDF@475c9c31]" started-at="2024-10-26T20:46:45 IST" name="loginToOHRM" data-provider="getLoginData" finished-at="2024-10-26T20:46:46 IST" duration-ms="541" status="PASS">
          <params>
            <param index="0">
              <value>
                <![CDATA[Chaitrali]]>
              </value>
            </param>
            <param index="1">
              <value>
                <![CDATA[chaitrali123]]>
              </value>
            </param>
          </params>
          <reporter-output>
          </reporter-output>
        </test-method> <!-- loginToOHRM -->
        <test-method is-config="true" signature="logout()[pri:0, instance:com.TestNGDemos.D13LoginToOHRM_DDF@475c9c31]" started-at="2024-10-26T20:46:46 IST" name="logout" finished-at="2024-10-26T20:46:46 IST" duration-ms="662" status="PASS">
          <reporter-output>
          </reporter-output>
        </test-method> <!-- logout -->
        <test-method signature="loginToOHRM(java.lang.String,java.lang.String)[pri:0, instance:com.TestNGDemos.D13LoginToOHRM_DDF@475c9c31]" started-at="2024-10-26T20:46:46 IST" name="loginToOHRM" data-provider="getLoginData" finished-at="2024-10-26T20:46:47 IST" duration-ms="568" status="PASS">
          <params>
            <param index="0">
              <value>
                <![CDATA[admin]]>
              </value>
            </param>
            <param index="1">
              <value>
                <![CDATA[admin123]]>
              </value>
            </param>
          </params>
          <reporter-output>
          </reporter-output>
        </test-method> <!-- loginToOHRM -->
        <test-method is-config="true" signature="logout()[pri:0, instance:com.TestNGDemos.D13LoginToOHRM_DDF@475c9c31]" started-at="2024-10-26T20:46:47 IST" name="logout" finished-at="2024-10-26T20:46:51 IST" duration-ms="3811" status="PASS">
          <reporter-output>
          </reporter-output>
        </test-method> <!-- logout -->
        <test-method signature="loginToOHRM(java.lang.String,java.lang.String)[pri:0, instance:com.TestNGDemos.D13LoginToOHRM_DDF@475c9c31]" started-at="2024-10-26T20:46:51 IST" name="loginToOHRM" data-provider="getLoginData" finished-at="2024-10-26T20:46:52 IST" duration-ms="1281" status="PASS">
          <params>
            <param index="0">
              <value>
                <![CDATA[Nandkumar]]>
              </value>
            </param>
            <param index="1">
              <value>
                <![CDATA[nandkumar123]]>
              </value>
            </param>
          </params>
          <reporter-output>
          </reporter-output>
        </test-method> <!-- loginToOHRM -->
        <test-method is-config="true" signature="logout()[pri:0, instance:com.TestNGDemos.D13LoginToOHRM_DDF@475c9c31]" started-at="2024-10-26T20:46:52 IST" name="logout" finished-at="2024-10-26T20:46:52 IST" duration-ms="28" status="PASS">
          <reporter-output>
          </reporter-output>
        </test-method> <!-- logout -->
        <test-method signature="loginToOHRM(java.lang.String,java.lang.String)[pri:0, instance:com.TestNGDemos.D13LoginToOHRM_DDF@475c9c31]" started-at="2024-10-26T20:46:52 IST" name="loginToOHRM" data-provider="getLoginData" finished-at="2024-10-26T20:46:53 IST" duration-ms="1168" status="PASS">
          <params>
            <param index="0">
              <value>
                <![CDATA[Govind]]>
              </value>
            </param>
            <param index="1">
              <value>
                <![CDATA[govind123]]>
              </value>
            </param>
          </params>
          <reporter-output>
          </reporter-output>
        </test-method> <!-- loginToOHRM -->
        <test-method is-config="true" signature="logout()[pri:0, instance:com.TestNGDemos.D13LoginToOHRM_DDF@475c9c31]" started-at="2024-10-26T20:46:53 IST" name="logout" finished-at="2024-10-26T20:46:53 IST" duration-ms="9" status="PASS">
          <reporter-output>
          </reporter-output>
        </test-method> <!-- logout -->
        <test-method signature="loginToOHRM(java.lang.String,java.lang.String)[pri:0, instance:com.TestNGDemos.D13LoginToOHRM_DDF@475c9c31]" started-at="2024-10-26T20:46:53 IST" name="loginToOHRM" data-provider="getLoginData" finished-at="2024-10-26T20:46:54 IST" duration-ms="1310" status="PASS">
          <params>
            <param index="0">
              <value>
                <![CDATA[Ankush]]>
              </value>
            </param>
            <param index="1">
              <value>
                <![CDATA[ankush123]]>
              </value>
            </param>
          </params>
          <reporter-output>
          </reporter-output>
        </test-method> <!-- loginToOHRM -->
        <test-method is-config="true" signature="logout()[pri:0, instance:com.TestNGDemos.D13LoginToOHRM_DDF@475c9c31]" started-at="2024-10-26T20:46:54 IST" name="logout" finished-at="2024-10-26T20:46:54 IST" duration-ms="24" status="PASS">
          <reporter-output>
          </reporter-output>
        </test-method> <!-- logout -->
        <test-method is-config="true" signature="afterTest()[pri:0, instance:com.TestNGDemos.D13LoginToOHRM_DDF@475c9c31]" started-at="2024-10-26T20:46:54 IST" name="afterTest" finished-at="2024-10-26T20:46:55 IST" duration-ms="549" status="PASS">
          <reporter-output>
          </reporter-output>
        </test-method> <!-- afterTest -->
      </class> <!-- com.TestNGDemos.D13LoginToOHRM_DDF -->
    </test> <!-- Default test -->
  </suite> <!-- Default suite -->
</testng-results>
