<?xml version="1.0" encoding="UTF-8"?>
<testng-results ignored="0" total="1" passed="1" failed="0" skipped="0">
  <reporter-output>
  </reporter-output>
  <suite started-at="2024-10-21T19:34:34 IST" name="Default suite" finished-at="2024-10-21T19:34:43 IST" duration-ms="9281">
    <groups>
    </groups>
    <test started-at="2024-10-21T19:34:34 IST" name="Default test" finished-at="2024-10-21T19:34:43 IST" duration-ms="9281">
      <class name="com.TestNGDemos.D09KeywordDrivenFramework">
        <test-method is-config="true" signature="beforeTest()[pri:0, instance:com.TestNGDemos.D09KeywordDrivenFramework@65f8f5ae]" started-at="2024-10-21T19:34:34 IST" name="beforeTest" finished-at="2024-10-21T19:34:41 IST" duration-ms="7737" status="PASS">
          <reporter-output>
          </reporter-output>
        </test-method> <!-- beforeTest -->
        <test-method signature="loginToEchotrak()[pri:0, instance:com.TestNGDemos.D09KeywordDrivenFramework@65f8f5ae]" started-at="2024-10-21T19:34:41 IST" name="loginToEchotrak" finished-at="2024-10-21T19:34:43 IST" duration-ms="1133" status="PASS">
          <reporter-output>
          </reporter-output>
        </test-method> <!-- loginToEchotrak -->
        <test-method is-config="true" signature="afterTest()[pri:0, instance:com.TestNGDemos.D09KeywordDrivenFramework@65f8f5ae]" started-at="2024-10-21T19:34:43 IST" name="afterTest" finished-at="2024-10-21T19:34:43 IST" duration-ms="327" status="PASS">
          <reporter-output>
          </reporter-output>
        </test-method> <!-- afterTest -->
      </class> <!-- com.TestNGDemos.D09KeywordDrivenFramework -->
    </test> <!-- Default test -->
  </suite> <!-- Default suite -->
</testng-results>
