<?xml version="1.0" encoding="UTF-8"?>
<!-- Generated by org.testng.reporters.JUnitXMLReporter -->
<testsuite ignored="0" hostname="DESKTOP-G8O6OG0" failures="0" tests="7" name="Default test" time="20.601" errors="0" timestamp="2024-10-26T20:46:55 IST">
  <testcase classname="com.TestNGDemos.D13LoginToOHRM_DDF" name="loginToOHRM" time="1.88"/>
  <testcase classname="com.TestNGDemos.D13LoginToOHRM_DDF" name="loginToOHRM" time="1.425"/>
  <testcase classname="com.TestNGDemos.D13LoginToOHRM_DDF" name="loginToOHRM" time="0.541"/>
  <testcase classname="com.TestNGDemos.D13LoginToOHRM_DDF" name="loginToOHRM" time="0.568"/>
  <testcase classname="com.TestNGDemos.D13LoginToOHRM_DDF" name="loginToOHRM" time="1.281"/>
  <testcase classname="com.TestNGDemos.D13LoginToOHRM_DDF" name="loginToOHRM" time="1.168"/>
  <testcase classname="com.TestNGDemos.D13LoginToOHRM_DDF" name="loginToOHRM" time="1.31"/>
</testsuite> <!-- Default test -->
