<?xml version="1.0" encoding="UTF-8"?>
<!-- Generated by org.testng.reporters.JUnitXMLReporter -->
<testsuite ignored="0" hostname="DESKTOP-G8O6OG0" failures="0" tests="4" name="Default test" time="26.186" errors="0" timestamp="2024-10-18T19:50:09 IST">
  <testcase classname="com.TestNGDemos.D02MultipleTests" name="testMeesho" time="6.697"/>
  <testcase classname="com.TestNGDemos.D02MultipleTests" name="testMyntra" time="6.764"/>
  <testcase classname="com.TestNGDemos.D02MultipleTests" name="testFlipkart" time="6.366"/>
  <testcase classname="com.TestNGDemos.D02MultipleTests" name="testAmazon" time="6.193"/>
</testsuite> <!-- Default test -->
