<?xml version="1.0" encoding="UTF-8"?>
<!-- Generated by org.testng.reporters.JUnitXMLReporter -->
<testsuite ignored="0" hostname="DESKTOP-G8O6OG0" failures="0" tests="4" name="MyTest" time="18.429" errors="0" timestamp="2024-10-18T19:49:29 IST">
  <testcase classname="com.TestNGDemos.D02MultipleTests" name="testMeesho" time="17.847"/>
  <testcase classname="com.TestNGDemos.D02MultipleTests" name="testAmazon" time="17.932"/>
  <testcase classname="com.TestNGDemos.D02MultipleTests" name="testFlipkart" time="18.018"/>
  <testcase classname="com.TestNGDemos.D02MultipleTests" name="testMyntra" time="18.318"/>
</testsuite> <!-- MyTest -->
