<?xml version="1.0" encoding="UTF-8"?>
<!-- Generated by org.testng.reporters.JUnitXMLReporter -->
<testsuite ignored="0" hostname="DESKTOP-G8O6OG0" failures="0" tests="4" name="MyTest" time="39.257" errors="0" timestamp="2024-10-21T19:11:52 IST">
  <testcase classname="com.TestNGDemos.D02MultipleTests" name="testMyntra" time="17.618"/>
  <testcase classname="com.TestNGDemos.D02MultipleTests" name="testMeesho" time="23.333"/>
  <testcase classname="com.TestNGDemos.D02MultipleTests" name="testFlipkart" time="12.041"/>
  <testcase classname="com.TestNGDemos.D02MultipleTests" name="testAmazon" time="15.775"/>
</testsuite> <!-- MyTest -->
